#
# There is insufficient memory for the Java Runtime Environment to continue.
# Native memory allocation (malloc) failed to allocate 145360 bytes for Chunk::new
# Possible reasons:
#   The system is out of physical RAM or swap space
#   The process is running with CompressedOops enabled, and the Java Heap may be blocking the growth of the native heap
# Possible solutions:
#   Reduce memory load on the system
#   Increase physical memory or swap space
#   Check if swap backing store is full
#   Decrease Java heap size (-Xmx/-Xms)
#   Decrease number of Java threads
#   Decrease Java thread stack sizes (-Xss)
#   Set larger code cache with -XX:ReservedCodeCacheSize=
#   JVM is running with Unscaled Compressed Oops mode in which the Java heap is
#     placed in the first 4GB address space. The Java Heap base address is the
#     maximum limit for the native heap growth. Please use -XX:HeapBaseMinAddress
#     to set the Java Heap base and to place the Java Heap above 4GB virtual address.
# This output file may be truncated or incomplete.
#
#  Out of Memory Error (./open/src/hotspot/share/memory/arena.cpp:195), pid=20180, tid=10232
#
# JRE version: OpenJDK Runtime Environment (15.0.2+7) (build 15.0.2+7-27)
# Java VM: OpenJDK 64-Bit Server VM (15.0.2+7-27, mixed mode, sharing, tiered, compressed oops, g1 gc, windows-amd64)
# No core dump will be written. Minidumps are not enabled by default on client versions of Windows
#

---------------  S U M M A R Y ------------

Command Line: -Xmx64m -Xms64m -Dorg.gradle.appname=gradlew org.gradle.wrapper.GradleWrapperMain app:installDebug -PreactNativeDevServerPort=8081

Host: AMD Ryzen 7 3800X 8-Core Processor             , 16 cores, 15G,  Windows 10 , 64 bit Build 19041 (10.0.19041.928)
Time: Mon Apr 26 15:07:40 2021 West-Europa (zomertijd) elapsed time: 0.288846 seconds (0d 0h 0m 0s)

---------------  T H R E A D  ---------------

Current thread (0x000001d0ffc0b050):  JavaThread "C2 CompilerThread2" daemon [_thread_in_native, id=10232, stack(0x000000645e800000,0x000000645e900000)]


Current CompileTask:
C2:    288  789   !   4       jdk.internal.loader.URLClassPath$JarLoader::getResource (65 bytes)

Stack: [0x000000645e800000,0x000000645e900000]
Native frames: (J=compiled Java code, j=interpreted, Vv=VM code, C=native code)
V  [jvm.dll+0x62ae9a]
V  [jvm.dll+0x7817a9]
V  [jvm.dll+0x782f03]
V  [jvm.dll+0x783563]
V  [jvm.dll+0x216325]
V  [jvm.dll+0x97f3a]
V  [jvm.dll+0x9861c]
V  [jvm.dll+0x1e9f27]
V  [jvm.dll+0x5bc295]
V  [jvm.dll+0x5ba6de]
V  [jvm.dll+0x1ea598]
V  [jvm.dll+0x1e996e]
V  [jvm.dll+0x178567]
V  [jvm.dll+0x1f9225]
V  [jvm.dll+0x1f72cc]
V  [jvm.dll+0x74495d]
V  [jvm.dll+0x73d75a]
V  [jvm.dll+0x629c56]
C  [ucrtbase.dll+0x21bb2]
C  [KERNEL32.DLL+0x17034]
C  [ntdll.dll+0x52651]


---------------  P R O C E S S  ---------------

Threads class SMR info:
_java_thread_list=0x000001d0ffcf1270, length=15, elements={
0x000001d0e4d1e3e0, 0x000001d0ff912ae0, 0x000001d0ff9136b0, 0x000001d0ff92ece0,
0x000001d0ff9317a0, 0x000001d0ff932250, 0x000001d0ff933030, 0x000001d0ff935ae0,
0x000001d0ff940370, 0x000001d0ffb911a0, 0x000001d0ffbb3780, 0x000001d0ffbcd9d0,
0x000001d0ffbde9d0, 0x000001d0ffc0ab40, 0x000001d0ffc0b050
}

Java Threads: ( => current thread )
  0x000001d0e4d1e3e0 JavaThread "main" [_thread_in_native, id=6664, stack(0x000000645d300000,0x000000645d400000)]
  0x000001d0ff912ae0 JavaThread "Reference Handler" daemon [_thread_blocked, id=19112, stack(0x000000645da00000,0x000000645db00000)]
  0x000001d0ff9136b0 JavaThread "Finalizer" daemon [_thread_blocked, id=11424, stack(0x000000645db00000,0x000000645dc00000)]
  0x000001d0ff92ece0 JavaThread "Signal Dispatcher" daemon [_thread_blocked, id=2772, stack(0x000000645dc00000,0x000000645dd00000)]
  0x000001d0ff9317a0 JavaThread "Attach Listener" daemon [_thread_blocked, id=2444, stack(0x000000645dd00000,0x000000645de00000)]
  0x000001d0ff932250 JavaThread "Service Thread" daemon [_thread_blocked, id=11912, stack(0x000000645de00000,0x000000645df00000)]
  0x000001d0ff933030 JavaThread "C2 CompilerThread0" daemon [_thread_blocked, id=10516, stack(0x000000645df00000,0x000000645e000000)]
  0x000001d0ff935ae0 JavaThread "C1 CompilerThread0" daemon [_thread_blocked, id=5712, stack(0x000000645e000000,0x000000645e100000)]
  0x000001d0ff940370 JavaThread "Sweeper thread" daemon [_thread_blocked, id=10828, stack(0x000000645e100000,0x000000645e200000)]
  0x000001d0ffb911a0 JavaThread "C1 CompilerThread1" daemon [_thread_blocked, id=14972, stack(0x000000645e200000,0x000000645e300000)]
  0x000001d0ffbb3780 JavaThread "C1 CompilerThread2" daemon [_thread_blocked, id=14236, stack(0x000000645e300000,0x000000645e400000)]
  0x000001d0ffbcd9d0 JavaThread "Notification Thread" daemon [_thread_blocked, id=18912, stack(0x000000645e400000,0x000000645e500000)]
  0x000001d0ffbde9d0 JavaThread "Common-Cleaner" daemon [_thread_blocked, id=5480, stack(0x000000645e600000,0x000000645e700000)]
  0x000001d0ffc0ab40 JavaThread "C2 CompilerThread1" daemon [_thread_blocked, id=19920, stack(0x000000645e700000,0x000000645e800000)]
=>0x000001d0ffc0b050 JavaThread "C2 CompilerThread2" daemon [_thread_in_native, id=10232, stack(0x000000645e800000,0x000000645e900000)]

Other Threads:
  0x000001d0ff910350 VMThread "VM Thread" [stack: 0x000000645d900000,0x000000645da00000] [id=19752]
  0x000001d0ffbd9ea0 WatcherThread [stack: 0x000000645e500000,0x000000645e600000] [id=2980]
  0x000001d0e4dde7c0 GCTaskThread "GC Thread#0" [stack: 0x000000645d400000,0x000000645d500000] [id=16100]
  0x000001d0e4de0110 ConcurrentGCThread "G1 Main Marker" [stack: 0x000000645d500000,0x000000645d600000] [id=6012]
  0x000001d0e4de0d00 ConcurrentGCThread "G1 Conc#0" [stack: 0x000000645d600000,0x000000645d700000] [id=20228]
  0x000001d0e4e58170 ConcurrentGCThread "G1 Refine#0" [stack: 0x000000645d700000,0x000000645d800000] [id=19624]
  0x000001d0e4e58d70 ConcurrentGCThread "G1 Young RemSet Sampling" [stack: 0x000000645d800000,0x000000645d900000] [id=15552]

Threads with active compile tasks:
C2 CompilerThread2      308  789   !   4       jdk.internal.loader.URLClassPath$JarLoader::getResource (65 bytes)

VM state: not at safepoint (normal execution)

VM Mutex/Monitor currently owned by a thread: None

Heap address: 0x00000000fc000000, size: 64 MB, Compressed Oops mode: 32-bit
CDS archive(s) mapped at: [0x0000000800000000-0x0000000800b50000-0x0000000800b50000), size 11862016, SharedBaseAddress: 0x0000000800000000, ArchiveRelocationMode: 0.
Compressed class space mapped at: 0x0000000800b50000-0x0000000840b50000, size: 1073741824
Narrow klass base: 0x0000000800000000, Narrow klass shift: 3, Narrow klass range: 0x100000000

GC Precious Log:
 CPUs: 16 total, 16 available
 Memory: 16331M
 Large Page Support: Disabled
 NUMA Support: Disabled
 Compressed Oops: Enabled (32-bit)
 Heap Region Size: 1M
 Heap Min Capacity: 64M
 Heap Initial Capacity: 64M
 Heap Max Capacity: 64M
 Pre-touch: Disabled
 Parallel Workers: 13
 Concurrent Workers: 3
 Concurrent Refinement Workers: 13
 Periodic GC: Disabled

Heap:
 garbage-first heap   total 65536K, used 23552K [0x00000000fc000000, 0x0000000100000000)
  region size 1024K, 19 young (19456K), 0 survivors (0K)
 Metaspace       used 3717K, capacity 6282K, committed 6400K, reserved 1056768K
  class space    used 449K, capacity 706K, committed 768K, reserved 1048576K

Heap Regions: E=young(eden), S=young(survivor), O=old, HS=humongous(starts), HC=humongous(continues), CS=collection set, F=free, OA=open archive, CA=closed archive, TAMS=top-at-mark-start (previous, next)
|   0|0x00000000fc000000, 0x00000000fc100000, 0x00000000fc100000|100%|HS|  |TAMS 0x00000000fc000000, 0x00000000fc000000| Complete 
|   1|0x00000000fc100000, 0x00000000fc200000, 0x00000000fc200000|100%|HC|  |TAMS 0x00000000fc100000, 0x00000000fc100000| Complete 
|   2|0x00000000fc200000, 0x00000000fc300000, 0x00000000fc300000|100%|HC|  |TAMS 0x00000000fc200000, 0x00000000fc200000| Complete 
|   3|0x00000000fc300000, 0x00000000fc400000, 0x00000000fc400000|100%|HS|  |TAMS 0x00000000fc300000, 0x00000000fc300000| Complete 
|   4|0x00000000fc400000, 0x00000000fc500000, 0x00000000fc500000|100%|HC|  |TAMS 0x00000000fc400000, 0x00000000fc400000| Complete 
|   5|0x00000000fc500000, 0x00000000fc600000, 0x00000000fc600000|100%|HC|  |TAMS 0x00000000fc500000, 0x00000000fc500000| Complete 
|   6|0x00000000fc600000, 0x00000000fc600000, 0x00000000fc700000|  0%| F|  |TAMS 0x00000000fc600000, 0x00000000fc600000| Untracked 
|   7|0x00000000fc700000, 0x00000000fc700000, 0x00000000fc800000|  0%| F|  |TAMS 0x00000000fc700000, 0x00000000fc700000| Untracked 
|   8|0x00000000fc800000, 0x00000000fc800000, 0x00000000fc900000|  0%| F|  |TAMS 0x00000000fc800000, 0x00000000fc800000| Untracked 
|   9|0x00000000fc900000, 0x00000000fc900000, 0x00000000fca00000|  0%| F|  |TAMS 0x00000000fc900000, 0x00000000fc900000| Untracked 
|  10|0x00000000fca00000, 0x00000000fca00000, 0x00000000fcb00000|  0%| F|  |TAMS 0x00000000fca00000, 0x00000000fca00000| Untracked 
|  11|0x00000000fcb00000, 0x00000000fcb00000, 0x00000000fcc00000|  0%| F|  |TAMS 0x00000000fcb00000, 0x00000000fcb00000| Untracked 
|  12|0x00000000fcc00000, 0x00000000fcc00000, 0x00000000fcd00000|  0%| F|  |TAMS 0x00000000fcc00000, 0x00000000fcc00000| Untracked 
|  13|0x00000000fcd00000, 0x00000000fcd00000, 0x00000000fce00000|  0%| F|  |TAMS 0x00000000fcd00000, 0x00000000fcd00000| Untracked 
|  14|0x00000000fce00000, 0x00000000fce00000, 0x00000000fcf00000|  0%| F|  |TAMS 0x00000000fce00000, 0x00000000fce00000| Untracked 
|  15|0x00000000fcf00000, 0x00000000fcf00000, 0x00000000fd000000|  0%| F|  |TAMS 0x00000000fcf00000, 0x00000000fcf00000| Untracked 
|  16|0x00000000fd000000, 0x00000000fd000000, 0x00000000fd100000|  0%| F|  |TAMS 0x00000000fd000000, 0x00000000fd000000| Untracked 
|  17|0x00000000fd100000, 0x00000000fd100000, 0x00000000fd200000|  0%| F|  |TAMS 0x00000000fd100000, 0x00000000fd100000| Untracked 
|  18|0x00000000fd200000, 0x00000000fd200000, 0x00000000fd300000|  0%| F|  |TAMS 0x00000000fd200000, 0x00000000fd200000| Untracked 
|  19|0x00000000fd300000, 0x00000000fd300000, 0x00000000fd400000|  0%| F|  |TAMS 0x00000000fd300000, 0x00000000fd300000| Untracked 
|  20|0x00000000fd400000, 0x00000000fd400000, 0x00000000fd500000|  0%| F|  |TAMS 0x00000000fd400000, 0x00000000fd400000| Untracked 
|  21|0x00000000fd500000, 0x00000000fd500000, 0x00000000fd600000|  0%| F|  |TAMS 0x00000000fd500000, 0x00000000fd500000| Untracked 
|  22|0x00000000fd600000, 0x00000000fd600000, 0x00000000fd700000|  0%| F|  |TAMS 0x00000000fd600000, 0x00000000fd600000| Untracked 
|  23|0x00000000fd700000, 0x00000000fd700000, 0x00000000fd800000|  0%| F|  |TAMS 0x00000000fd700000, 0x00000000fd700000| Untracked 
|  24|0x00000000fd800000, 0x00000000fd800000, 0x00000000fd900000|  0%| F|  |TAMS 0x00000000fd800000, 0x00000000fd800000| Untracked 
|  25|0x00000000fd900000, 0x00000000fd900000, 0x00000000fda00000|  0%| F|  |TAMS 0x00000000fd900000, 0x00000000fd900000| Untracked 
|  26|0x00000000fda00000, 0x00000000fda00000, 0x00000000fdb00000|  0%| F|  |TAMS 0x00000000fda00000, 0x00000000fda00000| Untracked 
|  27|0x00000000fdb00000, 0x00000000fdb00000, 0x00000000fdc00000|  0%| F|  |TAMS 0x00000000fdb00000, 0x00000000fdb00000| Untracked 
|  28|0x00000000fdc00000, 0x00000000fdc00000, 0x00000000fdd00000|  0%| F|  |TAMS 0x00000000fdc00000, 0x00000000fdc00000| Untracked 
|  29|0x00000000fdd00000, 0x00000000fdd00000, 0x00000000fde00000|  0%| F|  |TAMS 0x00000000fdd00000, 0x00000000fdd00000| Untracked 
|  30|0x00000000fde00000, 0x00000000fde00000, 0x00000000fdf00000|  0%| F|  |TAMS 0x00000000fde00000, 0x00000000fde00000| Untracked 
|  31|0x00000000fdf00000, 0x00000000fdf00000, 0x00000000fe000000|  0%| F|  |TAMS 0x00000000fdf00000, 0x00000000fdf00000| Untracked 
|  32|0x00000000fe000000, 0x00000000fe000000, 0x00000000fe100000|  0%| F|  |TAMS 0x00000000fe000000, 0x00000000fe000000| Untracked 
|  33|0x00000000fe100000, 0x00000000fe100000, 0x00000000fe200000|  0%| F|  |TAMS 0x00000000fe100000, 0x00000000fe100000| Untracked 
|  34|0x00000000fe200000, 0x00000000fe200000, 0x00000000fe300000|  0%| F|  |TAMS 0x00000000fe200000, 0x00000000fe200000| Untracked 
|  35|0x00000000fe300000, 0x00000000fe300000, 0x00000000fe400000|  0%| F|  |TAMS 0x00000000fe300000, 0x00000000fe300000| Untracked 
|  36|0x00000000fe400000, 0x00000000fe400000, 0x00000000fe500000|  0%| F|  |TAMS 0x00000000fe400000, 0x00000000fe400000| Untracked 
|  37|0x00000000fe500000, 0x00000000fe500000, 0x00000000fe600000|  0%| F|  |TAMS 0x00000000fe500000, 0x00000000fe500000| Untracked 
|  38|0x00000000fe600000, 0x00000000fe600000, 0x00000000fe700000|  0%| F|  |TAMS 0x00000000fe600000, 0x00000000fe600000| Untracked 
|  39|0x00000000fe700000, 0x00000000fe700000, 0x00000000fe800000|  0%| F|  |TAMS 0x00000000fe700000, 0x00000000fe700000| Untracked 
|  40|0x00000000fe800000, 0x00000000fe800000, 0x00000000fe900000|  0%| F|  |TAMS 0x00000000fe800000, 0x00000000fe800000| Untracked 
|  41|0x00000000fe900000, 0x00000000fe900000, 0x00000000fea00000|  0%| F|  |TAMS 0x00000000fe900000, 0x00000000fe900000| Untracked 
|  42|0x00000000fea00000, 0x00000000fea00000, 0x00000000feb00000|  0%| F|  |TAMS 0x00000000fea00000, 0x00000000fea00000| Untracked 
|  43|0x00000000feb00000, 0x00000000feb00000, 0x00000000fec00000|  0%| F|  |TAMS 0x00000000feb00000, 0x00000000feb00000| Untracked 
|  44|0x00000000fec00000, 0x00000000fec00000, 0x00000000fed00000|  0%| F|  |TAMS 0x00000000fec00000, 0x00000000fec00000| Untracked 
|  45|0x00000000fed00000, 0x00000000fed76550, 0x00000000fee00000| 46%| E|  |TAMS 0x00000000fed00000, 0x00000000fed00000| Complete 
|  46|0x00000000fee00000, 0x00000000fef00000, 0x00000000fef00000|100%| E|CS|TAMS 0x00000000fee00000, 0x00000000fee00000| Complete 
|  47|0x00000000fef00000, 0x00000000ff000000, 0x00000000ff000000|100%| E|CS|TAMS 0x00000000fef00000, 0x00000000fef00000| Complete 
|  48|0x00000000ff000000, 0x00000000ff100000, 0x00000000ff100000|100%| E|CS|TAMS 0x00000000ff000000, 0x00000000ff000000| Complete 
|  49|0x00000000ff100000, 0x00000000ff200000, 0x00000000ff200000|100%| E|CS|TAMS 0x00000000ff100000, 0x00000000ff100000| Complete 
|  50|0x00000000ff200000, 0x00000000ff300000, 0x00000000ff300000|100%| E|CS|TAMS 0x00000000ff200000, 0x00000000ff200000| Complete 
|  51|0x00000000ff300000, 0x00000000ff400000, 0x00000000ff400000|100%| E|CS|TAMS 0x00000000ff300000, 0x00000000ff300000| Complete 
|  52|0x00000000ff400000, 0x00000000ff500000, 0x00000000ff500000|100%| E|  |TAMS 0x00000000ff400000, 0x00000000ff400000| Complete 
|  53|0x00000000ff500000, 0x00000000ff600000, 0x00000000ff600000|100%| E|CS|TAMS 0x00000000ff500000, 0x00000000ff500000| Complete 
|  54|0x00000000ff600000, 0x00000000ff700000, 0x00000000ff700000|100%| E|CS|TAMS 0x00000000ff600000, 0x00000000ff600000| Complete 
|  55|0x00000000ff700000, 0x00000000ff800000, 0x00000000ff800000|100%| E|CS|TAMS 0x00000000ff700000, 0x00000000ff700000| Complete 
|  56|0x00000000ff800000, 0x00000000ff900000, 0x00000000ff900000|100%| E|CS|TAMS 0x00000000ff800000, 0x00000000ff800000| Complete 
|  57|0x00000000ff900000, 0x00000000ffa00000, 0x00000000ffa00000|100%| E|CS|TAMS 0x00000000ff900000, 0x00000000ff900000| Complete 
|  58|0x00000000ffa00000, 0x00000000ffb00000, 0x00000000ffb00000|100%| E|CS|TAMS 0x00000000ffa00000, 0x00000000ffa00000| Complete 
|  59|0x00000000ffb00000, 0x00000000ffc00000, 0x00000000ffc00000|100%| E|CS|TAMS 0x00000000ffb00000, 0x00000000ffb00000| Complete 
|  60|0x00000000ffc00000, 0x00000000ffd00000, 0x00000000ffd00000|100%| E|CS|TAMS 0x00000000ffc00000, 0x00000000ffc00000| Complete 
|  61|0x00000000ffd00000, 0x00000000ffe00000, 0x00000000ffe00000|100%| E|CS|TAMS 0x00000000ffd00000, 0x00000000ffd00000| Complete 
|  62|0x00000000ffe00000, 0x00000000fff00000, 0x00000000fff00000|100%| E|CS|TAMS 0x00000000ffe00000, 0x00000000ffe00000| Complete 
|  63|0x00000000fff00000, 0x0000000100000000, 0x0000000100000000|100%| E|CS|TAMS 0x00000000fff00000, 0x00000000fff00000| Complete 

Card table byte_map: [0x000001d0fe7b0000,0x000001d0fe7d0000] _byte_map_base: 0x000001d0fdfd0000

Marking Bits (Prev, Next): (CMBitMap*) 0x000001d0e4ddefb0, (CMBitMap*) 0x000001d0e4ddeff0
 Prev Bits: [0x000001d0fe7f0000, 0x000001d0fe8f0000)
 Next Bits: [0x000001d0fe8f0000, 0x000001d0fe9f0000)

Polling page: 0x000001d0e4e90000

Metaspace:

Usage:
  Non-class:      5.45 MB capacity,     3.19 MB ( 59%) used,     2.25 MB ( 41%) free+waste,     3.31 KB ( <1%) overhead. 
      Class:    706.00 KB capacity,   449.68 KB ( 64%) used,   254.38 KB ( 36%) free+waste,     1.94 KB ( <1%) overhead. 
       Both:      6.13 MB capacity,     3.63 MB ( 59%) used,     2.50 MB ( 41%) free+waste,     5.25 KB ( <1%) overhead. 

Virtual space:
  Non-class space:        8.00 MB reserved,       5.50 MB ( 69%) committed 
      Class space:        1.00 GB reserved,     768.00 KB ( <1%) committed 
             Both:        1.01 GB reserved,       6.25 MB ( <1%) committed 

Chunk freelists:
   Non-Class:  56.00 KB
       Class:  30.00 KB
        Both:  86.00 KB

MaxMetaspaceSize: 17179869184.00 GB
CompressedClassSpaceSize: 1.00 GB

CodeHeap 'non-profiled nmethods': size=119168Kb used=269Kb max_used=269Kb free=118898Kb
 bounds [0x000001d0f6380000, 0x000001d0f65f0000, 0x000001d0fd7e0000]
CodeHeap 'profiled nmethods': size=119104Kb used=1467Kb max_used=1467Kb free=117636Kb
 bounds [0x000001d0eef30000, 0x000001d0ef1a0000, 0x000001d0f6380000]
CodeHeap 'non-nmethods': size=7488Kb used=2272Kb max_used=2304Kb free=5215Kb
 bounds [0x000001d0ee7e0000, 0x000001d0eea50000, 0x000001d0eef30000]
 total_blobs=1238 nmethods=840 adapters=309
 compilation: enabled
              stopped_count=0, restarted_count=0
 full_count=0

Compilation events (20 events):
Event: 0.278 Thread 0x000001d0ffbb3780  792       3       java.util.HashSet::iterator (13 bytes)
Event: 0.278 Thread 0x000001d0ffb911a0 nmethod 790 0x000001d0ef07e390 code [0x000001d0ef07e540, 0x000001d0ef07e708]
Event: 0.279 Thread 0x000001d0ffbb3780 nmethod 792 0x000001d0ef07e810 code [0x000001d0ef07e9c0, 0x000001d0ef07ec58]
Event: 0.279 Thread 0x000001d0ff935ae0 nmethod 791 0x000001d0ef07ed90 code [0x000001d0ef07ef80, 0x000001d0ef07f538]
Event: 0.279 Thread 0x000001d0ff935ae0  793       3       sun.net.www.ParseUtil::encodePath (41 bytes)
Event: 0.279 Thread 0x000001d0ff935ae0 nmethod 793 0x000001d0ef07f790 code [0x000001d0ef07f960, 0x000001d0ef07fba8]
Event: 0.280 Thread 0x000001d0ff935ae0  794       3       java.lang.Character::codePointAt (51 bytes)
Event: 0.280 Thread 0x000001d0ffb911a0  795       3       java.lang.Character::isHighSurrogate (18 bytes)
Event: 0.280 Thread 0x000001d0ffb911a0 nmethod 795 0x000001d0ef07fc90 code [0x000001d0ef07fe20, 0x000001d0ef07ff98]
Event: 0.280 Thread 0x000001d0ff935ae0 nmethod 794 0x000001d0ef080010 code [0x000001d0ef080200, 0x000001d0ef080868]
Event: 0.282 Thread 0x000001d0ff935ae0  796       1       org.gradle.internal.buildoption.AbstractBuildOption::getGradleProperty (5 bytes)
Event: 0.282 Thread 0x000001d0ff935ae0 nmethod 796 0x000001d0f63bd010 code [0x000001d0f63bd1a0, 0x000001d0f63bd258]
Event: 0.282 Thread 0x000001d0ff935ae0  797       3       java.util.Collections$UnmodifiableCollection$1::hasNext (10 bytes)
Event: 0.282 Thread 0x000001d0ff935ae0 nmethod 797 0x000001d0ef080a10 code [0x000001d0ef080bc0, 0x000001d0ef080d88]
Event: 0.282 Thread 0x000001d0ffb911a0  799       3       sun.reflect.generics.parser.SignatureParser::current (59 bytes)
Event: 0.282 Thread 0x000001d0ffbb3780  800       3       sun.reflect.generics.parser.SignatureParser::advance (53 bytes)
Event: 0.283 Thread 0x000001d0ffbb3780 nmethod 800 0x000001d0ef080e90 code [0x000001d0ef081040, 0x000001d0ef081298]
Event: 0.283 Thread 0x000001d0ffb911a0 nmethod 799 0x000001d0ef081390 code [0x000001d0ef0815a0, 0x000001d0ef081c78]
Event: 0.283 Thread 0x000001d0ffb911a0  801   !   3       sun.nio.fs.WindowsPath::initOffsets (153 bytes)
Event: 0.284 Thread 0x000001d0ffb911a0 nmethod 801 0x000001d0ef081f10 code [0x000001d0ef082320, 0x000001d0ef084658]

GC Heap History (0 events):
No events

Deoptimization events (20 events):
Event: 0.278 Thread 0x000001d0e4d1e3e0 Uncommon trap: trap_request=0xffffff45 fr.pc=0x000001d0f63a1f48 relative=0x00000000000001a8
Event: 0.278 Thread 0x000001d0e4d1e3e0 Uncommon trap: reason=unstable_if action=reinterpret pc=0x000001d0f63a1f48 method=java.util.regex.Matcher.reset()Ljava/util/regex/Matcher; @ 47 c2
Event: 0.278 Thread 0x000001d0e4d1e3e0 DEOPT PACKING pc=0x000001d0f63a1f48 sp=0x000000645d3fdbf0
Event: 0.278 Thread 0x000001d0e4d1e3e0 DEOPT UNPACKING pc=0x000001d0ee82e42f sp=0x000000645d3fdb78 mode 2
Event: 0.278 Thread 0x000001d0e4d1e3e0 Uncommon trap: trap_request=0xffffffde fr.pc=0x000001d0f63a2728 relative=0x00000000000003c8
Event: 0.278 Thread 0x000001d0e4d1e3e0 Uncommon trap: reason=class_check action=maybe_recompile pc=0x000001d0f63a2728 method=java.util.regex.Matcher.match(II)Z @ 121 c2
Event: 0.278 Thread 0x000001d0e4d1e3e0 DEOPT PACKING pc=0x000001d0f63a2728 sp=0x000000645d3fdc40
Event: 0.278 Thread 0x000001d0e4d1e3e0 DEOPT UNPACKING pc=0x000001d0ee82e42f sp=0x000000645d3fdbe8 mode 2
Event: 0.278 Thread 0x000001d0e4d1e3e0 Uncommon trap: trap_request=0xffffffde fr.pc=0x000001d0f63a2728 relative=0x00000000000003c8
Event: 0.278 Thread 0x000001d0e4d1e3e0 Uncommon trap: reason=class_check action=maybe_recompile pc=0x000001d0f63a2728 method=java.util.regex.Matcher.match(II)Z @ 121 c2
Event: 0.278 Thread 0x000001d0e4d1e3e0 DEOPT PACKING pc=0x000001d0f63a2728 sp=0x000000645d3fdc40
Event: 0.278 Thread 0x000001d0e4d1e3e0 DEOPT UNPACKING pc=0x000001d0ee82e42f sp=0x000000645d3fdbe8 mode 2
Event: 0.278 Thread 0x000001d0e4d1e3e0 Uncommon trap: trap_request=0xffffffde fr.pc=0x000001d0f63a2728 relative=0x00000000000003c8
Event: 0.278 Thread 0x000001d0e4d1e3e0 Uncommon trap: reason=class_check action=maybe_recompile pc=0x000001d0f63a2728 method=java.util.regex.Matcher.match(II)Z @ 121 c2
Event: 0.278 Thread 0x000001d0e4d1e3e0 DEOPT PACKING pc=0x000001d0f63a2728 sp=0x000000645d3fdc40
Event: 0.278 Thread 0x000001d0e4d1e3e0 DEOPT UNPACKING pc=0x000001d0ee82e42f sp=0x000000645d3fdbe8 mode 2
Event: 0.278 Thread 0x000001d0e4d1e3e0 Uncommon trap: trap_request=0xffffffde fr.pc=0x000001d0f63a2728 relative=0x00000000000003c8
Event: 0.278 Thread 0x000001d0e4d1e3e0 Uncommon trap: reason=class_check action=maybe_recompile pc=0x000001d0f63a2728 method=java.util.regex.Matcher.match(II)Z @ 121 c2
Event: 0.278 Thread 0x000001d0e4d1e3e0 DEOPT PACKING pc=0x000001d0f63a2728 sp=0x000000645d3fdc40
Event: 0.278 Thread 0x000001d0e4d1e3e0 DEOPT UNPACKING pc=0x000001d0ee82e42f sp=0x000000645d3fdbe8 mode 2

Classes unloaded (0 events):
No events

Classes redefined (0 events):
No events

Internal exceptions (4 events):
Event: 0.066 Thread 0x000001d0e4d1e3e0 Exception <a 'java/lang/NoSuchMethodError'{0x00000000ffee9538}: 'void java.lang.invoke.DirectMethodHandle$Holder.invokeStatic(java.lang.Object, java.lang.Object)'> (0x00000000ffee9538) 
thrown [./open/src/hotspot/share/interpreter/linkResolver.cpp, line 782]
Event: 0.067 Thread 0x000001d0e4d1e3e0 Exception <a 'java/lang/NoSuchMethodError'{0x00000000ffd00930}: 'void java.lang.invoke.DirectMethodHandle$Holder.invokeStaticInit(java.lang.Object, java.lang.Object)'> (0x00000000ffd00930) 
thrown [./open/src/hotspot/share/interpreter/linkResolver.cpp, line 782]
Event: 0.096 Thread 0x000001d0e4d1e3e0 Exception <a 'java/lang/NoSuchMethodError'{0x00000000ffc7a290}: 'int java.lang.invoke.DirectMethodHandle$Holder.invokeStaticInit(java.lang.Object, java.lang.Object)'> (0x00000000ffc7a290) 
thrown [./open/src/hotspot/share/interpreter/linkResolver.cpp, line 782]
Event: 0.251 Thread 0x000001d0e4d1e3e0 Exception <a 'java/lang/NoSuchMethodError'{0x00000000ff15dfc0}: 'void java.lang.invoke.DirectMethodHandle$Holder.invokeSpecial(java.lang.Object, java.lang.Object, java.lang.Object)'> (0x00000000ff15dfc0) 
thrown [./open/src/hotspot/share/interpreter/linkResolver.cpp, line 782]

Events (20 events):
Event: 0.242 loading class sun/reflect/generics/reflectiveObjects/TypeVariableImpl
Event: 0.242 loading class sun/reflect/generics/reflectiveObjects/LazyReflectiveObjectGenerator
Event: 0.242 loading class sun/reflect/generics/reflectiveObjects/LazyReflectiveObjectGenerator done
Event: 0.242 loading class sun/reflect/generics/reflectiveObjects/TypeVariableImpl done
Event: 0.243 loading class java/util/concurrent/ConcurrentLinkedQueue
Event: 0.243 loading class java/util/concurrent/ConcurrentLinkedQueue done
Event: 0.243 loading class java/util/concurrent/ConcurrentLinkedQueue$Node
Event: 0.243 loading class java/util/concurrent/ConcurrentLinkedQueue$Node done
Event: 0.243 loading class java/lang/reflect/WildcardType
Event: 0.243 loading class java/lang/reflect/WildcardType done
Event: 0.248 loading class java/lang/invoke/BoundMethodHandle$Species_LL
Event: 0.249 loading class java/lang/invoke/BoundMethodHandle$Species_LL done
Event: 0.282 loading class java/util/NoSuchElementException
Event: 0.282 loading class java/util/NoSuchElementException done
Event: 0.283 loading class java/util/MissingResourceException
Event: 0.283 loading class java/util/MissingResourceException done
Event: 0.284 loading class java/util/logging/ErrorManager
Event: 0.284 loading class java/util/logging/ErrorManager done
Event: 0.285 loading class java/io/StringWriter
Event: 0.285 loading class java/io/StringWriter done


Dynamic libraries:
0x00007ff7d90b0000 - 0x00007ff7d90bd000 	C:\Users\jort\.jdks\openjdk-15.0.2\bin\java.exe
0x00007ffb753b0000 - 0x00007ffb755a5000 	C:\WINDOWS\SYSTEM32\ntdll.dll
0x00007ffb743c0000 - 0x00007ffb7447d000 	C:\WINDOWS\System32\KERNEL32.DLL
0x00007ffb72e00000 - 0x00007ffb730c8000 	C:\WINDOWS\System32\KERNELBASE.dll
0x00007ffb730d0000 - 0x00007ffb731d0000 	C:\WINDOWS\System32\ucrtbase.dll
0x00007ffb5aed0000 - 0x00007ffb5aee8000 	C:\Users\jort\.jdks\openjdk-15.0.2\bin\jli.dll
0x00007ffb5aef0000 - 0x00007ffb5af09000 	C:\Users\jort\.jdks\openjdk-15.0.2\bin\VCRUNTIME140.dll
0x00007ffb741f0000 - 0x00007ffb74390000 	C:\WINDOWS\System32\USER32.dll
0x00007ffb73280000 - 0x00007ffb732a2000 	C:\WINDOWS\System32\win32u.dll
0x00007ffb58160000 - 0x00007ffb583fa000 	C:\WINDOWS\WinSxS\amd64_microsoft.windows.common-controls_6595b64144ccf1df_6.0.19041.844_none_ca00b6081b84eb1d\COMCTL32.dll
0x00007ffb74070000 - 0x00007ffb7409a000 	C:\WINDOWS\System32\GDI32.dll
0x00007ffb740a0000 - 0x00007ffb7413e000 	C:\WINDOWS\System32\msvcrt.dll
0x00007ffb72cf0000 - 0x00007ffb72dfb000 	C:\WINDOWS\System32\gdi32full.dll
0x00007ffb72b50000 - 0x00007ffb72bed000 	C:\WINDOWS\System32\msvcp_win.dll
0x00007ffb74390000 - 0x00007ffb743c0000 	C:\WINDOWS\System32\IMM32.DLL
0x00007ffb5c310000 - 0x00007ffb5c31c000 	C:\Users\jort\.jdks\openjdk-15.0.2\bin\vcruntime140_1.dll
0x00007ffb5ae30000 - 0x00007ffb5aec1000 	C:\Users\jort\.jdks\openjdk-15.0.2\bin\msvcp140.dll
0x00007ffaf7d80000 - 0x00007ffaf88de000 	C:\Users\jort\.jdks\openjdk-15.0.2\bin\server\jvm.dll
0x00007ffb74590000 - 0x00007ffb7463c000 	C:\WINDOWS\System32\ADVAPI32.dll
0x00007ffb75150000 - 0x00007ffb751eb000 	C:\WINDOWS\System32\sechost.dll
0x00007ffb74e40000 - 0x00007ffb74f6b000 	C:\WINDOWS\System32\RPCRT4.dll
0x00007ffb74000000 - 0x00007ffb74008000 	C:\WINDOWS\System32\PSAPI.DLL
0x00007ffb6c6e0000 - 0x00007ffb6c6ea000 	C:\WINDOWS\SYSTEM32\VERSION.dll
0x00007ffb58c40000 - 0x00007ffb58c49000 	C:\WINDOWS\SYSTEM32\WSOCK32.dll
0x00007ffb63b40000 - 0x00007ffb63b67000 	C:\WINDOWS\SYSTEM32\WINMM.dll
0x00007ffb74480000 - 0x00007ffb744eb000 	C:\WINDOWS\System32\WS2_32.dll
0x00007ffb70bf0000 - 0x00007ffb70c02000 	C:\WINDOWS\SYSTEM32\kernel.appcore.dll
0x00007ffb5ae20000 - 0x00007ffb5ae2a000 	C:\Users\jort\.jdks\openjdk-15.0.2\bin\jimage.dll
0x00007ffb706a0000 - 0x00007ffb70884000 	C:\WINDOWS\SYSTEM32\DBGHELP.DLL
0x00007ffb5ba30000 - 0x00007ffb5ba5c000 	C:\WINDOWS\SYSTEM32\dbgcore.DLL
0x00007ffb72c70000 - 0x00007ffb72cf0000 	C:\WINDOWS\System32\bcryptPrimitives.dll
0x00007ffb5adf0000 - 0x00007ffb5ae15000 	C:\Users\jort\.jdks\openjdk-15.0.2\bin\java.dll
0x00007ffb738b0000 - 0x00007ffb73ff2000 	C:\WINDOWS\System32\SHELL32.dll
0x00007ffb70c10000 - 0x00007ffb713a1000 	C:\WINDOWS\SYSTEM32\windows.storage.dll
0x00007ffb73540000 - 0x00007ffb73895000 	C:\WINDOWS\System32\combase.dll
0x00007ffb724f0000 - 0x00007ffb7251c000 	C:\WINDOWS\SYSTEM32\Wldp.dll
0x00007ffb74140000 - 0x00007ffb741ee000 	C:\WINDOWS\System32\SHCORE.dll
0x00007ffb74010000 - 0x00007ffb74065000 	C:\WINDOWS\System32\shlwapi.dll
0x00007ffb72a30000 - 0x00007ffb72a4f000 	C:\WINDOWS\SYSTEM32\profapi.dll
0x00007ffb5add0000 - 0x00007ffb5ade9000 	C:\Users\jort\.jdks\openjdk-15.0.2\bin\net.dll
0x00007ffb62ed0000 - 0x00007ffb62fdb000 	C:\WINDOWS\SYSTEM32\WINHTTP.dll
0x00007ffb72270000 - 0x00007ffb722da000 	C:\WINDOWS\system32\mswsock.dll
0x00007ffb5adb0000 - 0x00007ffb5adc2000 	C:\Users\jort\.jdks\openjdk-15.0.2\bin\nio.dll
0x00007ffb5ad90000 - 0x00007ffb5ada8000 	C:\Users\jort\.jdks\openjdk-15.0.2\bin\zip.dll
0x00007ffb5ad80000 - 0x00007ffb5ad90000 	C:\Users\jort\.jdks\openjdk-15.0.2\bin\verify.dll

dbghelp: loaded successfully - version: 4.0.5 - missing functions: none
symbol engine: initialized successfully - sym options: 0x614 - pdb path: .;C:\Users\jort\.jdks\openjdk-15.0.2\bin;C:\WINDOWS\SYSTEM32;C:\WINDOWS\WinSxS\amd64_microsoft.windows.common-controls_6595b64144ccf1df_6.0.19041.844_none_ca00b6081b84eb1d;C:\Users\jort\.jdks\openjdk-15.0.2\bin\server

VM Arguments:
jvm_args: -Xmx64m -Xms64m -Dorg.gradle.appname=gradlew 
java_command: org.gradle.wrapper.GradleWrapperMain app:installDebug -PreactNativeDevServerPort=8081
java_class_path (initial): E:\Development\bar-application\android\\gradle\wrapper\gradle-wrapper.jar
Launcher Type: SUN_STANDARD

[Global flags]
     intx CICompilerCount                          = 12                                        {product} {ergonomic}
     uint ConcGCThreads                            = 3                                         {product} {ergonomic}
     uint G1ConcRefinementThreads                  = 13                                        {product} {ergonomic}
   size_t G1HeapRegionSize                         = 1048576                                   {product} {ergonomic}
    uintx GCDrainStackTargetSize                   = 64                                        {product} {ergonomic}
   size_t InitialHeapSize                          = 67108864                                  {product} {command line}
   size_t MarkStackSize                            = 4194304                                   {product} {ergonomic}
   size_t MaxHeapSize                              = 67108864                                  {product} {command line}
   size_t MaxNewSize                               = 39845888                                  {product} {ergonomic}
   size_t MinHeapDeltaBytes                        = 1048576                                   {product} {ergonomic}
   size_t MinHeapSize                              = 67108864                                  {product} {command line}
    uintx NonNMethodCodeHeapSize                   = 7602480                                {pd product} {ergonomic}
    uintx NonProfiledCodeHeapSize                  = 122027880                              {pd product} {ergonomic}
    uintx ProfiledCodeHeapSize                     = 122027880                              {pd product} {ergonomic}
    uintx ReservedCodeCacheSize                    = 251658240                              {pd product} {ergonomic}
     bool SegmentedCodeCache                       = true                                      {product} {ergonomic}
   size_t SoftMaxHeapSize                          = 67108864                               {manageable} {ergonomic}
     bool UseCompressedClassPointers               = true                                 {lp64_product} {ergonomic}
     bool UseCompressedOops                        = true                                 {lp64_product} {ergonomic}
     bool UseG1GC                                  = true                                      {product} {ergonomic}
     bool UseLargePagesIndividualAllocation        = false                                  {pd product} {ergonomic}

Logging:
Log output configuration:
 #0: stdout all=warning uptime,level,tags
 #1: stderr all=off uptime,level,tags

Environment Variables:
JAVA_HOME=C:\Users\jort\.jdks\openjdk-15.0.2
CLASSPATH=E:\Development\bar-application\android\\gradle\wrapper\gradle-wrapper.jar
PATH=E:\Development\bar-application\android\node_modules\.bin;E:\Development\bar-application\node_modules\.bin;E:\Development\node_modules\.bin;E:\node_modules\.bin;C:\Program Files\nodejs;C:\Users\jort\AppData\Local\Temp\yarn--1619442444274-0.12045689360150469;E:\Development\bar-application\node_modules\.bin;C:\Users\jort\AppData\Local\Yarn\Data\link\node_modules\.bin;C:\Program Files\libexec\lib\node_modules\npm\bin\node-gyp-bin;C:\Program Files\lib\node_modules\npm\bin\node-gyp-bin;C:\Program Files\nodejs\node_modules\npm\bin\node-gyp-bin;C:\Users\jort\AppData\Local\Temp\yarn--1619442444012-0.5076070741108314;E:\Development\bar-application\node_modules\.bin;C:\Users\jort\AppData\Local\Yarn\Data\link\node_modules\.bin;C:\Users\jort\AppData\Local\Yarn\bin;C:\Program Files\libexec\lib\node_modules\npm\bin\node-gyp-bin;C:\Program Files\lib\node_modules\npm\bin\node-gyp-bin;C:\Program Files\nodejs\node_modules\npm\bin\node-gyp-bin;C:\Users\jort\bin;C:\Program Files\Git\mingw64\bin;C:\Program Files\Git\usr\local\bin;C:\Program Files\Git\usr\bin;C:\Program Files\Git\usr\bin;C:\Program Files\Git\mingw64\bin;C:\Program Files\Git\usr\bin;C:\Users\jort\bin;C:\Program Files (x86)\Common Files\Oracle\Java\javapath;C:\Program Files\Oculus\Support\oculus-runtime;C:\Python39\Scripts;C:\Python39;C:\WINDOWS\system32;C:\WINDOWS;C:\WINDOWS\System32\Wbem;C:\WINDOWS\System32\WindowsPowerShell\v1.0;C:\WINDOWS\System32\OpenSSH;C:\Program Files\Git\cmd;C:\Program Files\nodejs;C:\ProgramData\chocolatey\bin;C:\Program Files\Docker\Docker\resources\bin;C:\ProgramData\DockerDesktop\version-bin;C:\WINDOWS\system32;C:\WINDOWS;C:\WINDOWS\System32\Wbem;C:\WINDOWS\System32\WindowsPowerShell\v1.0;C:\WINDOWS\System32\OpenSSH;C:\Program Files (x86)\NVIDIA Corporation\PhysX\Common;C:\Program Files\NVIDIA Corporation\NVIDIA NvDLISR;C:\Program Files\LINQPad6;C:\Program Files\dotnet;C:\Users\jort\AppData\Local\Microsoft\WindowsApps;C:\Users\jort\AppData\Local\Programs\Microsoft VS Code\bin;E:\Programs\Jetb
USERNAME=jort
SHELL=C:\Program Files\Git\usr\bin\bash.exe
DISPLAY=needs-to-be-defined
LC_CTYPE=nl_NL.UTF-8
OS=Windows_NT
PROCESSOR_IDENTIFIER=AMD64 Family 23 Model 113 Stepping 0, AuthenticAMD



---------------  S Y S T E M  ---------------

OS:
 Windows 10 , 64 bit Build 19041 (10.0.19041.928)
OS uptime: 0 days 3:42 hours
HyperV virtualization detected

CPU: total 16 (initial active 16) (16 cores per cpu, 2 threads per core) family 23 model 113 stepping 0 microcode 0x0, cmov, cx8, fxsr, mmx, sse, sse2, sse3, ssse3, sse4.1, sse4.2, popcnt, vzeroupper, avx, avx2, aes, clmul, 3dnowpref, lzcnt, sse4a, ht, tsc, tscinvbit, tscinv, bmi1, bmi2, adx, sha, fma, clflush, clflushopt

Memory: 4k page, system-wide physical 16331M (3626M free)
TotalPageFile size 22331M (AvailPageFile size 0M)
current process WorkingSet (physical memory assigned to process): 71M, peak: 71M
current process commit charge ("private bytes"): 173M, peak: 173M

vm_info: OpenJDK 64-Bit Server VM (15.0.2+7-27) for windows-amd64 JRE (15.0.2+7-27), built on Dec  7 2020 20:02:38 by "mach5one" with unknown MS VC++:1925

END.
